<?xml version="1.0" encoding="UTF-8"?>
<testsuite xmlns:xsi="http://www.w3.org/2001/XMLSchema-instance" xsi:noNamespaceSchemaLocation="https://maven.apache.org/surefire/maven-surefire-plugin/xsd/surefire-test-report-3.0.xsd" version="3.0" name="bee1158.RunCucumberTest" time="0.142" tests="5" errors="0" skipped="0" failures="0">
  <properties>
[...]
</properties>
  <testcase name="Beecrows first exemple" classname="Sum of Consecutive Odd Numbers III" time="0.038">
    <system-out><![CDATA[
Scenario Outline: Beecrows first exemple &amp#27;[90m# bee1158/bee1158.feature:3&amp#27;[0m
  &amp#27;[32mGiven &amp#27;[0m&amp#27;[32mthe input is&amp#27;[0m                     &amp#27;[90m# bee1158.StepDefinitions.the_input_is(java.lang.String)&amp#27;[0m
  &amp#27;[32mWhen &amp#27;[0m&amp#27;[32mthe program runs&amp#27;[0m                  &amp#27;[90m# bee1158.StepDefinitions.the_program_runs()&amp#27;[0m
  &amp#27;[32mThen &amp#27;[0m&amp#27;[32mthe output should be&amp#27;[0m              &amp#27;[90m# bee1158.StepDefinitions.the_output_should_be(java.lang.String)&amp#27;[0m
]]></system-out>
  </testcase>
  <testcase name="Beecrows second exemple" classname="Sum of Consecutive Odd Numbers III" time="0.003">
    <system-out><![CDATA[
Scenario Outline: Beecrows second exemple &amp#27;[90m# bee1158/bee1158.feature:17&amp#27;[0m
  &amp#27;[32mGiven &amp#27;[0m&amp#27;[32mthe input is&amp#27;[0m                      &amp#27;[90m# bee1158.StepDefinitions.the_input_is(java.lang.String)&amp#27;[0m
  &amp#27;[32mWhen &amp#27;[0m&amp#27;[32mthe program runs&amp#27;[0m                   &amp#27;[90m# bee1158.StepDefinitions.the_program_runs()&amp#27;[0m
  &amp#27;[32mThen &amp#27;[0m&amp#27;[32mthe output should be&amp#27;[0m               &amp#27;[90m# bee1158.StepDefinitions.the_output_should_be(java.lang.String)&amp#27;[0m
]]></system-out>
  </testcase>
  <testcase name="My test" classname="Sum of Consecutive Odd Numbers III" time="0.003">
    <system-out><![CDATA[
Scenario Outline: My test   &amp#27;[90m# bee1158/bee1158.feature:31&amp#27;[0m
  &amp#27;[32mGiven &amp#27;[0m&amp#27;[32mthe input is&amp#27;[0m        &amp#27;[90m# bee1158.StepDefinitions.the_input_is(java.lang.String)&amp#27;[0m
  &amp#27;[32mWhen &amp#27;[0m&amp#27;[32mthe program runs&amp#27;[0m     &amp#27;[90m# bee1158.StepDefinitions.the_program_runs()&amp#27;[0m
  &amp#27;[32mThen &amp#27;[0m&amp#27;[32mthe output should be&amp#27;[0m &amp#27;[90m# bee1158.StepDefinitions.the_output_should_be(java.lang.String)&amp#27;[0m
]]></system-out>
  </testcase>
  <testcase name="My first error test" classname="Sum of Consecutive Odd Numbers III" time="0.003">
    <system-out><![CDATA[
Scenario Outline: My first error test &amp#27;[90m# bee1158/bee1158.feature:43&amp#27;[0m
  &amp#27;[32mGiven &amp#27;[0m&amp#27;[32mthe input is&amp#27;[0m                  &amp#27;[90m# bee1158.StepDefinitions.the_input_is(java.lang.String)&amp#27;[0m
  &amp#27;[32mWhen &amp#27;[0m&amp#27;[32mthe program runs&amp#27;[0m               &amp#27;[90m# bee1158.StepDefinitions.the_program_runs()&amp#27;[0m
  &amp#27;[32mThen &amp#27;[0m&amp#27;[32mthe output should be&amp#27;[0m           &amp#27;[90m# bee1158.StepDefinitions.the_output_should_be(java.lang.String)&amp#27;[0m
]]></system-out>
  </testcase>
  <testcase name="My second error test" classname="Sum of Consecutive Odd Numbers III" time="0.005">
    <system-out><![CDATA[
Scenario Outline: My second error test &amp#27;[90m# bee1158/bee1158.feature:55&amp#27;[0m
  &amp#27;[32mGiven &amp#27;[0m&amp#27;[32mthe input is&amp#27;[0m                   &amp#27;[90m# bee1158.StepDefinitions.the_input_is(java.lang.String)&amp#27;[0m
  &amp#27;[32mWhen &amp#27;[0m&amp#27;[32mthe program runs&amp#27;[0m                &amp#27;[90m# bee1158.StepDefinitions.the_program_runs()&amp#27;[0m
  &amp#27;[32mThen &amp#27;[0m&amp#27;[32mthe output should be&amp#27;[0m            &amp#27;[90m# bee1158.StepDefinitions.the_output_should_be(java.lang.String)&amp#27;[0m
]]></system-out>
  </testcase>
</testsuite>